<?xml version="1.0" encoding="UTF-8"?>
<testsuite name="com.wiremockserenity.runner.TestRunner" time="1.83" tests="18" errors="0" skipped="1" failures="2">
  <properties>
[...]
</properties>
  <testcase name="Given The user requests a GET request for the ZipCode &quot;94040,US&quot;" classname="| 94040,US |" time="0.001"/>
  <testcase name="Then The weather is returned with Status code 200" classname="| 94040,US |" time="0"/>
  <testcase name="Then The weather is returned with Status code 200" classname="| 94040,US |" time="0"/>
  <testcase name="| 94040,US |" classname="| 94040,US |" time="1.694"/>
  <testcase name="| 94040,US |" classname="| 94040,US |" time="0.061"/>
  <testcase name="Given The user requests a GET request for the City Name &quot;London,UK&quot;" classname="| London,UK |" time="0"/>
  <testcase name="Then The weather is returned with Status code 200" classname="| London,UK |" time="0"/>
  <testcase name="Then The weather is returned with Status code 200" classname="| London,UK |" time="0"/>
  <testcase name="| London,UK |" classname="| London,UK |" time="0.061"/>
  <testcase name="| London,UK |" classname="| London,UK |" time="0.049"/>
  <testcase name="Given The user requests a GET request for the City ID &quot;581w5135&quot;" classname="| 581w5135 |" time="0.007">
    <failure message="1 expectation failed.&#10;JSON path $ doesn&apos;t match.&#10;Expected: map containing [&quot;weather&quot;-&gt;ANYTHING]&#10;  Actual: {cod=400, message=581w5135 is not a city ID}&#10;" type="java.lang.AssertionError">java.lang.AssertionError: 1 expectation failed.
JSON path $ doesn't match.
Expected: map containing ["weather"->ANYTHING]
  Actual: {cod=400, message=581w5135 is not a city ID}

	at sun.reflect.NativeConstructorAccessorImpl.newInstance0(Native Method)
	at sun.reflect.NativeConstructorAccessorImpl.newInstance(NativeConstructorAccessorImpl.java:62)
	at sun.reflect.DelegatingConstructorAccessorImpl.newInstance(DelegatingConstructorAccessorImpl.java:45)
	at java.lang.reflect.Constructor.newInstance(Constructor.java:423)
	at org.codehaus.groovy.reflection.CachedConstructor.invoke(CachedConstructor.java:83)
	at org.codehaus.groovy.reflection.CachedConstructor.doConstructorInvoke(CachedConstructor.java:77)
	at org.codehaus.groovy.runtime.callsite.ConstructorSite$ConstructorSiteNoUnwrap.callConstructor(ConstructorSite.java:84)
	at org.codehaus.groovy.runtime.callsite.CallSiteArray.defaultCallConstructor(CallSiteArray.java:60)
	at org.codehaus.groovy.runtime.callsite.AbstractCallSite.callConstructor(AbstractCallSite.java:235)
	at org.codehaus.groovy.runtime.callsite.AbstractCallSite.callConstructor(AbstractCallSite.java:247)
	at io.restassured.internal.ResponseSpecificationImpl$HamcrestAssertionClosure.validate(ResponseSpecificationImpl.groovy:471)
	at io.restassured.internal.ResponseSpecificationImpl$HamcrestAssertionClosure$validate$1.call(Unknown Source)
	at io.restassured.internal.ResponseSpecificationImpl.validateResponseIfRequired(ResponseSpecificationImpl.groovy:636)
	at sun.reflect.NativeMethodAccessorImpl.invoke0(Native Method)
	at sun.reflect.NativeMethodAccessorImpl.invoke(NativeMethodAccessorImpl.java:62)
	at sun.reflect.DelegatingMethodAccessorImpl.invoke(DelegatingMethodAccessorImpl.java:43)
	at java.lang.reflect.Method.invoke(Method.java:498)
	at org.codehaus.groovy.runtime.callsite.PogoMetaMethodSite$PogoCachedMethodSiteNoUnwrapNoCoerce.invoke(PogoMetaMethodSite.java:210)
	at org.codehaus.groovy.runtime.callsite.PogoMetaMethodSite.callCurrent(PogoMetaMethodSite.java:59)
	at org.codehaus.groovy.runtime.callsite.AbstractCallSite.callCurrent(AbstractCallSite.java:166)
	at io.restassured.internal.ResponseSpecificationImpl.content(ResponseSpecificationImpl.groovy:265)
	at io.restassured.specification.ResponseSpecification$content$0.callCurrent(Unknown Source)
	at io.restassured.internal.ResponseSpecificationImpl.body(ResponseSpecificationImpl.groovy:248)
	at io.restassured.internal.ValidatableResponseOptionsImpl.body(ValidatableResponseOptionsImpl.java:268)
	at com.wiremockserenity.cucumber.serenity.GetWeatherFromActualSteps.validateResponseOfCityID(GetWeatherFromActualSteps.java:41)
	at com.wiremockserenity.cucumber.steps.GetWeatherFromActualApi.getWeatherUsingCityID(GetWeatherFromActualApi.java:23)
	at ✽.Given The user requests a GET request for the City ID "581w5135"(GetWeatherFromActualApi.feature:20)
</failure>
    <system-err><![CDATA[7593 [main] INFO net.serenitybdd.core.Serenity - 
 _____ _____ ____ _____   ____ _____  _    ____ _____ _____ ____  
|_   _| ____/ ___|_   _| / ___|_   _|/ \  |  _ \_   _| ____|  _ \ 
  | | |  _| \___ \ | |   \___ \ | | / _ \ | |_) || | |  _| | | | |
  | | | |___ ___) || |    ___) || |/ ___ \|  _ < | | | |___| |_| |
  |_| |_____|____/ |_|   |____/ |_/_/   \_\_| \_\|_| |_____|____/ 
                                                                  

TEST STARTED: Get weather using city ID from actual server. This is a failing scenario
-------------------------------------------------------------------
]]></system-err>
  </testcase>
  <testcase name="| 581w5135 |" classname="| 581w5135 |" time="0.007">
    <failure message="1 expectation failed.&#10;JSON path $ doesn&apos;t match.&#10;Expected: map containing [&quot;weather&quot;-&gt;ANYTHING]&#10;  Actual: {cod=400, message=581w5135 is not a city ID}&#10;" type="java.lang.AssertionError">java.lang.AssertionError: 1 expectation failed.
JSON path $ doesn't match.
Expected: map containing ["weather"->ANYTHING]
  Actual: {cod=400, message=581w5135 is not a city ID}

	at sun.reflect.NativeConstructorAccessorImpl.newInstance0(Native Method)
	at sun.reflect.NativeConstructorAccessorImpl.newInstance(NativeConstructorAccessorImpl.java:62)
	at sun.reflect.DelegatingConstructorAccessorImpl.newInstance(DelegatingConstructorAccessorImpl.java:45)
	at java.lang.reflect.Constructor.newInstance(Constructor.java:423)
	at org.codehaus.groovy.reflection.CachedConstructor.invoke(CachedConstructor.java:83)
	at org.codehaus.groovy.reflection.CachedConstructor.doConstructorInvoke(CachedConstructor.java:77)
	at org.codehaus.groovy.runtime.callsite.ConstructorSite$ConstructorSiteNoUnwrap.callConstructor(ConstructorSite.java:84)
	at org.codehaus.groovy.runtime.callsite.CallSiteArray.defaultCallConstructor(CallSiteArray.java:60)
	at org.codehaus.groovy.runtime.callsite.AbstractCallSite.callConstructor(AbstractCallSite.java:235)
	at org.codehaus.groovy.runtime.callsite.AbstractCallSite.callConstructor(AbstractCallSite.java:247)
	at io.restassured.internal.ResponseSpecificationImpl$HamcrestAssertionClosure.validate(ResponseSpecificationImpl.groovy:471)
	at io.restassured.internal.ResponseSpecificationImpl$HamcrestAssertionClosure$validate$1.call(Unknown Source)
	at io.restassured.internal.ResponseSpecificationImpl.validateResponseIfRequired(ResponseSpecificationImpl.groovy:636)
	at sun.reflect.NativeMethodAccessorImpl.invoke0(Native Method)
	at sun.reflect.NativeMethodAccessorImpl.invoke(NativeMethodAccessorImpl.java:62)
	at sun.reflect.DelegatingMethodAccessorImpl.invoke(DelegatingMethodAccessorImpl.java:43)
	at java.lang.reflect.Method.invoke(Method.java:498)
	at org.codehaus.groovy.runtime.callsite.PogoMetaMethodSite$PogoCachedMethodSiteNoUnwrapNoCoerce.invoke(PogoMetaMethodSite.java:210)
	at org.codehaus.groovy.runtime.callsite.PogoMetaMethodSite.callCurrent(PogoMetaMethodSite.java:59)
	at org.codehaus.groovy.runtime.callsite.AbstractCallSite.callCurrent(AbstractCallSite.java:166)
	at io.restassured.internal.ResponseSpecificationImpl.content(ResponseSpecificationImpl.groovy:265)
	at io.restassured.specification.ResponseSpecification$content$0.callCurrent(Unknown Source)
	at io.restassured.internal.ResponseSpecificationImpl.body(ResponseSpecificationImpl.groovy:248)
	at io.restassured.internal.ValidatableResponseOptionsImpl.body(ValidatableResponseOptionsImpl.java:268)
	at com.wiremockserenity.cucumber.serenity.GetWeatherFromActualSteps.validateResponseOfCityID(GetWeatherFromActualSteps.java:41)
	at com.wiremockserenity.cucumber.steps.GetWeatherFromActualApi.getWeatherUsingCityID(GetWeatherFromActualApi.java:23)
	at ✽.Given The user requests a GET request for the City ID "581w5135"(GetWeatherFromActualApi.feature:20)
</failure>
  </testcase>
  <testcase name="Then The weather is returned with Status code 200" classname="| 581w5135 |" time="0">
    <skipped/>
  </testcase>
  <testcase name="Given The user requests temperature for the ZipCode &quot;94040,US&quot; from local server" classname="| 94040,US |" time="0.002"/>
  <testcase name="Given The user requests temperature for the City Name &quot;London,UK&quot; from local server" classname="| London,UK |" time="0.001"/>
  <testcase name="Given The user requests temperature for the City ID &quot;5815135&quot; from local server" classname="| 5815135 |" time="0"/>
  <testcase name="Then The weather is returned with Status code 200" classname="| 5815135 |" time="0"/>
  <testcase name="| 5815135 |" classname="| 5815135 |" time="0.057"/>
</testsuite>